Arguments: 
  C:\Program Files\nodejs\node.exe C:\Users\olive\AppData\Roaming\npm\node_modules\yarn\bin\yarn.js install

PATH: 
  C:\WINDOWS\system32;C:\WINDOWS;C:\WINDOWS\System32\Wbem;C:\WINDOWS\System32\WindowsPowerShell\v1.0\;C:\WINDOWS\System32\OpenSSH\;C:\PhP-8\php-8.2.2-Win32-vs16-x64;C:\Program Files\Microsoft SQL Server\150\Tools\Binn\;C:\ProgramData\chocolatey\bin;C:\composer;C:\Composer;C:\Program Files\Git\cmd;C:\Git;C:\Xampp-1\php;C:\php\pear;C:\Users\olive\AppData\Roaming\npm;C:\Docker;C:\Program Files\Docker\Docker\resources\bin;C:\Program Files\nodejs\;C:\msvcr100.dll\msvcr100;C:\Program Files\PowerShell\7\;C:\Users\olive\AppData\Local\Programs\Python\Python311\Scripts\;C:\Users\olive\AppData\Local\Programs\Python\Python311\;C:\Users\olive\AppData\Local\Microsoft\WindowsApps;C:\Users\olive\AppData\Local\Programs\Microsoft VS Code\bin;C:\Users\olive\AppData\Roaming\Composer\vendor\bin;C:\Composer;C:\Git;C:\Xampp-1\php;C:\php\pear;C:\Users\olive\AppData\Roaming\npm;C:\Docker;C:\Users\olive\AppData\Roaming\npm;C:\msvcr100.dll\msvcr100

Yarn version: 
  1.22.19

Node version: 
  18.15.0

Platform: 
  win32 x64

Trace: 
  Error: EPERM: operation not permitted, unlink 'C:\Users\olive\OneDrive\Área de Trabalho\Arquivos\Svelte\Busca_user\node_modules\@esbuild\win32-x64\esbuild.exe'

npm manifest: 
  {
    "name": "busca-user",
    "version": "0.0.1",
    "private": true,
    "scripts": {
      "dev": "vite dev",
      "build": "vite build",
      "preview": "vite preview",
      "check": "svelte-kit sync && svelte-check --tsconfig ./tsconfig.json",
      "check:watch": "svelte-kit sync && svelte-check --tsconfig ./tsconfig.json --watch"
    },
    "devDependencies": {
      "@sveltejs/adapter-auto": "^2.0.0",
      "@sveltejs/kit": "^1.5.0",
      "svelte": "^3.54.0",
      "svelte-check": "^3.0.1",
      "tslib": "^2.4.1",
      "typescript": "^5.0.0",
      "vite": "^4.2.0",
      "postcss": "^8.4.14",
      "postcss-load-config": "^4.0.1",
      "svelte-preprocess": "^4.10.7",
      "autoprefixer": "^10.4.7",
      "tailwindcss": "^3.1.5"
    },
    "type": "module"
  }

yarn manifest: 
  No manifest

Lockfile: 
  No lockfile
